TN:
SF:js/demo.js
FN:1,(anonymous_0)
FN:21,init
FN:33,pad
FN:35,renderTimer
FN:40,showControls
FN:45,guideState
FN:49,pickStone
FN:55,renderCairn
FN:57,(anonymous_8)
FN:65,(anonymous_9)
FN:79,(anonymous_10)
FN:79,(anonymous_11)
FN:92,spawnConfetti
FN:108,(anonymous_13)
FN:113,tick
FN:131,(anonymous_15)
FN:140,(anonymous_16)
FN:149,(anonymous_17)
FN:163,(anonymous_18)
FN:173,(anonymous_19)
FN:174,(anonymous_20)
FN:176,(anonymous_21)
FNF:22
FNH:14
FNDA:4,(anonymous_0)
FNDA:4,init
FNDA:12,pad
FNDA:6,renderTimer
FNDA:4,showControls
FNDA:6,guideState
FNDA:4,pickStone
FNDA:4,renderCairn
FNDA:4,(anonymous_8)
FNDA:4,(anonymous_9)
FNDA:0,(anonymous_10)
FNDA:0,(anonymous_11)
FNDA:0,spawnConfetti
FNDA:0,(anonymous_13)
FNDA:1,tick
FNDA:0,(anonymous_15)
FNDA:3,(anonymous_16)
FNDA:2,(anonymous_17)
FNDA:1,(anonymous_18)
FNDA:0,(anonymous_19)
FNDA:0,(anonymous_20)
FNDA:0,(anonymous_21)
DA:1,4
DA:4,4
DA:6,4
DA:9,4
DA:14,4
DA:15,4
DA:17,4
DA:18,4
DA:19,4
DA:22,4
DA:23,4
DA:24,4
DA:25,4
DA:26,4
DA:27,4
DA:28,4
DA:29,4
DA:33,12
DA:36,6
DA:37,6
DA:41,4
DA:42,4
DA:46,6
DA:50,4
DA:56,4
DA:57,4
DA:58,4
DA:60,4
DA:61,4
DA:62,4
DA:64,4
DA:65,4
DA:66,4
DA:67,4
DA:68,4
DA:69,4
DA:70,4
DA:71,4
DA:72,4
DA:73,4
DA:75,4
DA:77,0
DA:78,0
DA:79,0
DA:80,0
DA:81,0
DA:84,4
DA:86,4
DA:93,0
DA:94,0
DA:95,0
DA:96,0
DA:97,0
DA:106,0
DA:108,0
DA:114,1
DA:115,0
DA:116,0
DA:118,0
DA:119,0
DA:121,0
DA:122,0
DA:123,0
DA:124,0
DA:126,0
DA:127,0
DA:128,0
DA:129,0
DA:131,0
DA:132,0
DA:134,1
DA:135,1
DA:140,4
DA:141,3
DA:142,3
DA:143,3
DA:144,3
DA:145,3
DA:146,3
DA:149,4
DA:150,2
DA:151,1
DA:152,1
DA:153,1
DA:154,1
DA:156,1
DA:157,1
DA:158,1
DA:159,1
DA:163,4
DA:164,1
DA:165,1
DA:166,1
DA:167,1
DA:168,1
DA:169,1
DA:170,1
DA:173,4
DA:174,0
DA:175,0
DA:176,0
DA:177,0
DA:178,0
DA:179,0
DA:180,0
DA:185,4
DA:186,4
DA:187,4
DA:190,4
DA:191,0
DA:193,4
LF:111
LH:77
BRDA:41,0,0,3
BRDA:41,0,1,1
BRDA:42,1,0,3
BRDA:42,1,1,1
BRDA:75,2,0,0
BRDA:75,2,1,4
BRDA:75,3,0,4
BRDA:75,3,1,0
BRDA:104,4,0,0
BRDA:104,4,1,0
BRDA:114,5,0,0
BRDA:114,5,1,1
BRDA:119,6,0,0
BRDA:119,6,1,0
BRDA:141,7,0,0
BRDA:141,7,1,3
BRDA:150,8,0,1
BRDA:150,8,1,1
BRDA:175,9,0,0
BRDA:175,9,1,0
BRDA:190,10,0,0
BRDA:190,10,1,4
BRF:22
BRH:11
end_of_record
